<?xml version="1.0" encoding="utf-8"?><testsuites name="pytest tests"><testsuite name="pytest" errors="0" failures="1" skipped="0" tests="31" time="8.107" timestamp="2026-07-07T18:31:28.751775+00:00" hostname="agent-env-42fc6f0c-4bc4-4ff7-9160-1463a0778587"><testcase classname="tests.backend_test.TestGarments" name="test_list_19" time="0.157" /><testcase classname="tests.backend_test.TestGarments" name="test_get_hoodie_detail" time="0.049" /><testcase classname="tests.backend_test.TestGarments" name="test_get_template_png" time="1.273" /><testcase classname="tests.backend_test.TestJobs" name="test_job_status" time="1.467" /><testcase classname="tests.backend_test.TestJobs" name="test_panel_composed" time="0.057" /><testcase classname="tests.backend_test.TestGarments" name="test_get_unknown_product" time="0.091" /><testcase classname="tests.backend_test.TestJobs" name="test_panel_guides" time="0.049" /><testcase classname="tests.backend_test.TestBasicEndpoints" name="test_health" time="0.092" /><testcase classname="tests.backend_test.TestJobs" name="test_piece_center_opaque[front_body]" time="0.058" /><testcase classname="tests.backend_test.TestJobs" name="test_piece_center_opaque[back_body]" time="0.059" /><testcase classname="tests.backend_test.TestBasicEndpoints" name="test_model_status" time="0.089" /><testcase classname="tests.backend_test.TestJobs" name="test_piece_center_opaque[right_sleeve]" time="0.058" /><testcase classname="tests.backend_test.TestJobs" name="test_piece_center_opaque[left_sleeve]" time="0.065" /><testcase classname="tests.backend_test.TestBasicEndpoints" name="test_rules" time="0.047" /><testcase classname="tests.backend_test.TestJobs" name="test_download_zip_structure" time="0.732" /><testcase classname="tests.backend_test.TestAnalyze" name="test_analyze_no_smart_hint" time="0.311" /><testcase classname="tests.backend_test.TestAnalyze" name="test_analyze_smart_hint_graceful" time="3.849" /><testcase classname="tests.backend_test.TestJobs" name="test_job_not_found" time="0.169" /><testcase classname="tests.backend_test.TestMap" name="test_map_hoodie_success" time="0.001" /><testcase classname="tests.backend_test.TestMap" name="test_map_unknown_product" time="0.075" /><testcase classname="tests.backend_test.TestMap" name="test_map_unknown_artwork" time="0.053" /><testcase classname="tests.backend_test.TestUpload" name="test_upload_valid_jpeg" time="0.066" /><testcase classname="tests.backend_test.TestUpload" name="test_upload_empty_rejected" time="0.055" /><testcase classname="tests.backend_test.TestArchetypeDeterminism" name="test_two_runs_same_result" time="0.726" /><testcase classname="tests.backend_test.TestArchetypeDeterminism" name="test_scene_map_pipeline" time="1.251" /><testcase classname="tests.backend_test.TestAdditionalGarments" name="test_map_other_garments[cargo_loose_shorts_design_template]" time="0.210"><failure message="AssertionError: []&#10;assert ('front_body' in [] or 'back_body' in [])">E   AssertionError: []
    assert ('front_body' in [] or 'back_body' in [])</failure></testcase><testcase classname="tests.backend_test.TestAdditionalGarments" name="test_map_other_garments[blade_collar_polo_shirt_design_template]" time="2.135" /><testcase classname="tests.backend_test.TestAnalyze" name="test_analyze_unknown_artwork" time="0.053" /><testcase classname="tests.backend_test.TestPODNotConfigured" name="test_pod_status_not_configured" time="0.054" /><testcase classname="tests.backend_test.TestPODNotConfigured" name="test_pod_submit_returns_503" time="1.285" /><testcase classname="tests.backend_test.TestPODNotConfigured" name="test_pod_order_status_returns_503" time="0.056" /></testsuite></testsuites>