<?xml version="1.0" encoding="utf-8"?><testsuites name="pytest tests"><testsuite name="pytest" errors="0" failures="0" skipped="0" tests="27" time="33.633" timestamp="2026-07-07T17:58:14.257629+00:00" hostname="agent-env-42fc6f0c-4bc4-4ff7-9160-1463a0778587"><testcase classname="tests.backend_test.TestGarments" name="test_list_19" time="0.287" /><testcase classname="tests.backend_test.TestGarments" name="test_get_hoodie_detail" time="0.050" /><testcase classname="tests.backend_test.TestGarments" name="test_get_template_png" time="6.386" /><testcase classname="tests.backend_test.TestJobs" name="test_job_status" time="6.700" /><testcase classname="tests.backend_test.TestJobs" name="test_panel_composed" time="0.069" /><testcase classname="tests.backend_test.TestGarments" name="test_get_unknown_product" time="0.086" /><testcase classname="tests.backend_test.TestJobs" name="test_panel_guides" time="0.069" /><testcase classname="tests.backend_test.TestBasicEndpoints" name="test_health" time="0.044" /><testcase classname="tests.backend_test.TestJobs" name="test_download_zip_structure" time="21.750" /><testcase classname="tests.backend_test.TestBasicEndpoints" name="test_model_status" time="0.048" /><testcase classname="tests.backend_test.TestBasicEndpoints" name="test_rules" time="0.044" /><testcase classname="tests.backend_test.TestMap" name="test_map_hoodie_success" time="6.326" /><testcase classname="tests.backend_test.TestMap" name="test_map_unknown_product" time="0.049" /><testcase classname="tests.backend_test.TestMap" name="test_map_unknown_artwork" time="0.046" /><testcase classname="tests.backend_test.TestPODNotConfigured" name="test_pod_status_not_configured" time="0.053" /><testcase classname="tests.backend_test.TestPODNotConfigured" name="test_pod_submit_returns_503" time="0.050" /><testcase classname="tests.backend_test.TestPODNotConfigured" name="test_pod_order_status_returns_503" time="0.065" /><testcase classname="tests.backend_test.TestUpload" name="test_upload_valid_jpeg" time="0.063" /><testcase classname="tests.backend_test.TestUpload" name="test_upload_empty_rejected" time="0.047" /><testcase classname="tests.backend_test.TestArchetypeDeterminism" name="test_two_runs_same_result" time="0.762" /><testcase classname="tests.backend_test.TestArchetypeDeterminism" name="test_scene_map_pipeline" time="6.203" /><testcase classname="tests.backend_test.TestAdditionalGarments" name="test_map_other_garments[cargo_loose_shorts_design_template]" time="3.227" /><testcase classname="tests.backend_test.TestAdditionalGarments" name="test_map_other_garments[blade_collar_polo_shirt_design_template]" time="6.036" /><testcase classname="tests.backend_test.TestJobs" name="test_job_not_found" time="0.189" /><testcase classname="tests.backend_test.TestAnalyze" name="test_analyze_no_smart_hint" time="0.238" /><testcase classname="tests.backend_test.TestAnalyze" name="test_analyze_smart_hint_graceful" time="3.842" /><testcase classname="tests.backend_test.TestAnalyze" name="test_analyze_unknown_artwork" time="0.044" /></testsuite></testsuites>